<?xml version="1.0" encoding="UTF-8"?>
<!-- Generated by org.testng.reporters.JUnitXMLReporter -->
<testsuite hostname="DESKTOP-VSJJ039" ignored="0" name="SignUp Test3" tests="1" failures="1" timestamp="2021-01-18T17:57:28 IST" time="75.517" errors="0">
  <testcase name="trinityTwo_Signup_ValidatePhoneNumber_Negative" time="73.612" classname="com.TrinityTwo.suite.loginAndSignup.TrinityTwoSignupValidatePhoneNumberNegative">
    <failure type="java.lang.AssertionError" message="The following asserts failed:
	Text not Matching. Got text as Phone number is required.">
      <![CDATA[java.lang.AssertionError: The following asserts failed:
Text not Matching. Got text as Phone number is required.
at com.TrinityTwo.web.TrinityTwoValidationDriver.assertAll(TrinityTwoValidationDriver.java:96)
at com.TrinityTwo.session.TrinityTwoTestSession.end(TrinityTwoTestSession.java:58)
at com.TrinityTwo.suite.loginAndSignup.TrinityTwoSignupValidatePhoneNumberNegative.trinityTwo_Signup_ValidatePhoneNumber_Negative(TrinityTwoSignupValidatePhoneNumberNegative.java:43)
at java.util.ArrayList.forEach(Unknown Source)
... Removed 29 stack frames]]>
    </failure>
  </testcase> <!-- trinityTwo_Signup_ValidatePhoneNumber_Negative -->
</testsuite> <!-- SignUp Test3 -->
