<?xml version="1.0" encoding="UTF-8"?>
<testng-results skipped="0" failed="1" ignored="0" total="4" passed="3">
  <reporter-output>
  </reporter-output>
  <suite name="Default suite" duration-ms="172929" started-at="2021-01-11T19:48:04 IST" finished-at="2021-01-11T19:50:57 IST">
    <groups>
    </groups>
    <test name="Default test" duration-ms="172929" started-at="2021-01-11T19:48:04 IST" finished-at="2021-01-11T19:50:57 IST">
      <class name="com.TrinityTwo.suite.loginAndSignup.TrinityTwoSignupTC">
        <test-method status="PASS" signature="init(org.testng.ITestResult)[pri:0, instance:com.TrinityTwo.suite.loginAndSignup.TrinityTwoSignupTC@7dcf94f8]" name="init" is-config="true" duration-ms="269" started-at="2021-01-11T19:48:04 IST" finished-at="2021-01-11T19:48:04 IST">
          <params>
            <param index="0">
              <value>
                <![CDATA[[TestResult name={null} status=CREATED method=TrinityTwoSignupTC.trinityTwoLoginPageTitle(java.util.Hashtable)[pri:0, instance:com.TrinityTwo.suite.loginAndSignup.TrinityTwoSignupTC@7dcf94f8] output={null}]]]>
              </value>
            </param>
          </params>
          <reporter-output>
          </reporter-output>
        </test-method> <!-- init -->
        <test-method status="FAIL" signature="trinityTwoLoginPageTitle(java.util.Hashtable)[pri:0, instance:com.TrinityTwo.suite.loginAndSignup.TrinityTwoSignupTC@7dcf94f8]" name="trinityTwoLoginPageTitle" duration-ms="18002" started-at="2021-01-11T19:48:04 IST" data-provider="getData" finished-at="2021-01-11T19:48:22 IST">
          <params>
            <param index="0">
              <value>
                <![CDATA[{TCName=TRINITYTWO_LOGIN_PAGE_TITLE, Runmode=Y, Browser=Chrome}]]>
              </value>
            </param>
          </params>
          <exception class="java.lang.AssertionError">
            <message>
              <![CDATA[The following asserts failed:
Titles do not match. Got title as DT&T Member Area]]>
            </message>
            <full-stacktrace>
              <![CDATA[java.lang.AssertionError: The following asserts failed:
Titles do not match. Got title as DT&T Member Area
at org.testng.asserts.SoftAssert.assertAll(SoftAssert.java:47)
at org.testng.asserts.SoftAssert.assertAll(SoftAssert.java:31)
at com.TrinityTwo.web.TrinityTwoValidationDriver.assertAll(TrinityTwoValidationDriver.java:96)
at com.TrinityTwo.session.TrinityTwoTestSession.end(TrinityTwoTestSession.java:58)
at com.TrinityTwo.suite.loginAndSignup.TrinityTwoSignupTC.trinityTwoLoginPageTitle(TrinityTwoSignupTC.java:38)
at sun.reflect.NativeMethodAccessorImpl.invoke0(Native Method)
at sun.reflect.NativeMethodAccessorImpl.invoke(Unknown Source)
at sun.reflect.DelegatingMethodAccessorImpl.invoke(Unknown Source)
at java.lang.reflect.Method.invoke(Unknown Source)
at org.testng.internal.MethodInvocationHelper.invokeMethod(MethodInvocationHelper.java:132)
at org.testng.internal.TestInvoker.invokeMethod(TestInvoker.java:599)
at org.testng.internal.TestInvoker.invokeTestMethod(TestInvoker.java:174)
at org.testng.internal.MethodRunner.runInSequence(MethodRunner.java:46)
at org.testng.internal.TestInvoker$MethodInvocationAgent.invoke(TestInvoker.java:822)
at org.testng.internal.TestInvoker.invokeTestMethods(TestInvoker.java:147)
at org.testng.internal.TestMethodWorker.invokeTestMethods(TestMethodWorker.java:146)
at org.testng.internal.TestMethodWorker.run(TestMethodWorker.java:128)
at java.util.ArrayList.forEach(Unknown Source)
at org.testng.TestRunner.privateRun(TestRunner.java:764)
at org.testng.TestRunner.run(TestRunner.java:585)
at org.testng.SuiteRunner.runTest(SuiteRunner.java:384)
at org.testng.SuiteRunner.runSequentially(SuiteRunner.java:378)
at org.testng.SuiteRunner.privateRun(SuiteRunner.java:337)
at org.testng.SuiteRunner.run(SuiteRunner.java:286)
at org.testng.SuiteRunnerWorker.runSuite(SuiteRunnerWorker.java:53)
at org.testng.SuiteRunnerWorker.run(SuiteRunnerWorker.java:96)
at org.testng.TestNG.runSuitesSequentially(TestNG.java:1218)
at org.testng.TestNG.runSuitesLocally(TestNG.java:1140)
at org.testng.TestNG.runSuites(TestNG.java:1069)
at org.testng.TestNG.run(TestNG.java:1037)
at org.testng.remote.AbstractRemoteTestNG.run(AbstractRemoteTestNG.java:115)
at org.testng.remote.RemoteTestNG.initAndRun(RemoteTestNG.java:251)
at org.testng.remote.RemoteTestNG.main(RemoteTestNG.java:77)
]]>
            </full-stacktrace>
          </exception> <!-- java.lang.AssertionError -->
          <reporter-output>
          </reporter-output>
        </test-method> <!-- trinityTwoLoginPageTitle -->
        <test-method status="PASS" signature="quit()[pri:0, instance:com.TrinityTwo.suite.loginAndSignup.TrinityTwoSignupTC@7dcf94f8]" name="quit" is-config="true" duration-ms="2849" started-at="2021-01-11T19:48:22 IST" finished-at="2021-01-11T19:48:25 IST">
          <reporter-output>
          </reporter-output>
        </test-method> <!-- quit -->
        <test-method status="PASS" signature="init(org.testng.ITestResult)[pri:0, instance:com.TrinityTwo.suite.loginAndSignup.TrinityTwoSignupTC@7dcf94f8]" name="init" is-config="true" duration-ms="0" started-at="2021-01-11T19:48:25 IST" finished-at="2021-01-11T19:48:25 IST">
          <params>
            <param index="0">
              <value>
                <![CDATA[[TestResult name={null} status=CREATED method=TrinityTwoSignupTC.trinityTwoSignupPageHeader(java.util.Hashtable)[pri:0, instance:com.TrinityTwo.suite.loginAndSignup.TrinityTwoSignupTC@7dcf94f8] output={null}]]]>
              </value>
            </param>
          </params>
          <reporter-output>
          </reporter-output>
        </test-method> <!-- init -->
        <test-method status="PASS" signature="trinityTwoSignupPageHeader(java.util.Hashtable)[pri:0, instance:com.TrinityTwo.suite.loginAndSignup.TrinityTwoSignupTC@7dcf94f8]" name="trinityTwoSignupPageHeader" duration-ms="23616" started-at="2021-01-11T19:48:25 IST" data-provider="getData" finished-at="2021-01-11T19:48:49 IST">
          <params>
            <param index="0">
              <value>
                <![CDATA[{TCName=TRINITYTWO_SIGNUP_PAGE_HEADER, SignupHeader=Sign up to your account, Runmode=Y, Browser=Chrome}]]>
              </value>
            </param>
          </params>
          <reporter-output>
          </reporter-output>
        </test-method> <!-- trinityTwoSignupPageHeader -->
        <test-method status="PASS" signature="quit()[pri:0, instance:com.TrinityTwo.suite.loginAndSignup.TrinityTwoSignupTC@7dcf94f8]" name="quit" is-config="true" duration-ms="40" started-at="2021-01-11T19:48:49 IST" finished-at="2021-01-11T19:48:49 IST">
          <reporter-output>
          </reporter-output>
        </test-method> <!-- quit -->
        <test-method status="PASS" signature="init(org.testng.ITestResult)[pri:0, instance:com.TrinityTwo.suite.loginAndSignup.TrinityTwoSignupTC@7dcf94f8]" name="init" is-config="true" duration-ms="1" started-at="2021-01-11T19:48:49 IST" finished-at="2021-01-11T19:48:49 IST">
          <params>
            <param index="0">
              <value>
                <![CDATA[[TestResult name={null} status=CREATED method=TrinityTwoSignupTC.trinityTwosignupValidateEmailNegative(java.util.Hashtable)[pri:0, instance:com.TrinityTwo.suite.loginAndSignup.TrinityTwoSignupTC@7dcf94f8] output={null}]]]>
              </value>
            </param>
          </params>
          <reporter-output>
          </reporter-output>
        </test-method> <!-- init -->
        <test-method status="PASS" signature="trinityTwosignupValidateEmailNegative(java.util.Hashtable)[pri:0, instance:com.TrinityTwo.suite.loginAndSignup.TrinityTwoSignupTC@7dcf94f8]" name="trinityTwosignupValidateEmailNegative" duration-ms="62243" started-at="2021-01-11T19:48:49 IST" data-provider="getData" finished-at="2021-01-11T19:49:51 IST">
          <params>
            <param index="0">
              <value>
                <![CDATA[{TCName=SIGNUP_VALIDATE_EMAIL_NEGATIVE, SignupPhoneNumber=4.563432342E9, Runmode=Y, EmailErrorMessage=Email is required., Browser=Chrome}]]>
              </value>
            </param>
          </params>
          <reporter-output>
          </reporter-output>
        </test-method> <!-- trinityTwosignupValidateEmailNegative -->
        <test-method status="PASS" signature="quit()[pri:0, instance:com.TrinityTwo.suite.loginAndSignup.TrinityTwoSignupTC@7dcf94f8]" name="quit" is-config="true" duration-ms="163" started-at="2021-01-11T19:49:51 IST" finished-at="2021-01-11T19:49:51 IST">
          <reporter-output>
          </reporter-output>
        </test-method> <!-- quit -->
        <test-method status="PASS" signature="init(org.testng.ITestResult)[pri:0, instance:com.TrinityTwo.suite.loginAndSignup.TrinityTwoSignupTC@7dcf94f8]" name="init" is-config="true" duration-ms="1" started-at="2021-01-11T19:49:51 IST" finished-at="2021-01-11T19:49:51 IST">
          <params>
            <param index="0">
              <value>
                <![CDATA[[TestResult name={null} status=CREATED method=TrinityTwoSignupTC.trinityTwosignupValidatePhoneNumberNegative(java.util.Hashtable)[pri:0, instance:com.TrinityTwo.suite.loginAndSignup.TrinityTwoSignupTC@7dcf94f8] output={null}]]]>
              </value>
            </param>
          </params>
          <reporter-output>
          </reporter-output>
        </test-method> <!-- init -->
        <test-method status="PASS" signature="trinityTwosignupValidatePhoneNumberNegative(java.util.Hashtable)[pri:0, instance:com.TrinityTwo.suite.loginAndSignup.TrinityTwoSignupTC@7dcf94f8]" name="trinityTwosignupValidatePhoneNumberNegative" duration-ms="65169" started-at="2021-01-11T19:49:51 IST" data-provider="getData" finished-at="2021-01-11T19:50:57 IST">
          <params>
            <param index="0">
              <value>
                <![CDATA[{TCName=SIGNUP_VALIDATE_PHONENUMBER_NEGATIVE, PhoneErrorMessage=Phone number is required., Runmode=Y, SignupEmail=a@b.com, Browser=Chrome}]]>
              </value>
            </param>
          </params>
          <reporter-output>
          </reporter-output>
        </test-method> <!-- trinityTwosignupValidatePhoneNumberNegative -->
        <test-method status="PASS" signature="quit()[pri:0, instance:com.TrinityTwo.suite.loginAndSignup.TrinityTwoSignupTC@7dcf94f8]" name="quit" is-config="true" duration-ms="39" started-at="2021-01-11T19:50:57 IST" finished-at="2021-01-11T19:50:57 IST">
          <reporter-output>
          </reporter-output>
        </test-method> <!-- quit -->
      </class> <!-- com.TrinityTwo.suite.loginAndSignup.TrinityTwoSignupTC -->
    </test> <!-- Default test -->
  </suite> <!-- Default suite -->
</testng-results>
